[debug] [2022-05-11T13:42:57.298Z] ----------------------------------------------------------------------
[debug] [2022-05-11T13:42:57.301Z] Command:       C:\Program Files\nodejs\node.exe C:\Users\danlj\AppData\Roaming\npm\node_modules\firebase-tools\lib\bin\firebase.js init
[debug] [2022-05-11T13:42:57.301Z] CLI Version:   10.7.2
[debug] [2022-05-11T13:42:57.302Z] Platform:      win32
[debug] [2022-05-11T13:42:57.302Z] Node Version:  v16.15.0
[debug] [2022-05-11T13:42:57.303Z] Time:          Wed May 11 2022 15:42:57 GMT+0200 (centraleuropeisk sommartid)
[debug] [2022-05-11T13:42:57.304Z] ----------------------------------------------------------------------
[debug] 
[debug] [2022-05-11T13:42:57.318Z] > command requires scopes: ["email","openid","https://www.googleapis.com/auth/cloudplatformprojects.readonly","https://www.googleapis.com/auth/firebase","https://www.googleapis.com/auth/cloud-platform"]
[debug] [2022-05-11T13:42:57.318Z] > authorizing via signed-in user (danne165@gmail.com)
[info] 
     ######## #### ########  ######## ########     ###     ######  ########
     ##        ##  ##     ## ##       ##     ##  ##   ##  ##       ##
     ######    ##  ########  ######   ########  #########  ######  ######
     ##        ##  ##    ##  ##       ##     ## ##     ##       ## ##
     ##       #### ##     ## ######## ########  ##     ##  ######  ########

You're about to initialize a Firebase project in this directory:

  C:\Users\danlj\OneDrive\Dokument\KTH\Projekt och Projektmetoder\II1302\homepage

[info] 
=== Project Setup
[info] 
[info] First, let's associate this project directory with a Firebase project.
[info] You can create multiple project aliases by running firebase use --add, 
[info] but for now we'll just set up a default project.
[info] 
[debug] [2022-05-11T13:43:06.204Z] >>> [apiv2][query] GET https://firebase.googleapis.com/v1beta1/projects pageSize=100
[debug] [2022-05-11T13:43:06.681Z] <<< [apiv2][status] GET https://firebase.googleapis.com/v1beta1/projects 200
[debug] [2022-05-11T13:43:06.682Z] <<< [apiv2][body] GET https://firebase.googleapis.com/v1beta1/projects [omitted]
[info] i  Using project morsemate (morseMate) 
[info] 
=== Database Setup
[info] i  database: ensuring required API firebasedatabase.googleapis.com is enabled... 
[debug] [2022-05-11T13:43:07.965Z] >>> [apiv2][query] GET https://serviceusage.googleapis.com/v1/projects/morsemate/services/firebasedatabase.googleapis.com [none]
[debug] [2022-05-11T13:43:08.809Z] <<< [apiv2][status] GET https://serviceusage.googleapis.com/v1/projects/morsemate/services/firebasedatabase.googleapis.com 200
[debug] [2022-05-11T13:43:08.810Z] <<< [apiv2][body] GET https://serviceusage.googleapis.com/v1/projects/morsemate/services/firebasedatabase.googleapis.com [omitted]
[info] +  database: required API firebasedatabase.googleapis.com is enabled 
[info] 
[debug] [2022-05-11T13:43:08.813Z] > refreshing access token with scopes: ["email","https://www.googleapis.com/auth/cloud-platform","https://www.googleapis.com/auth/cloudplatformprojects.readonly","https://www.googleapis.com/auth/firebase","openid"]
[debug] [2022-05-11T13:43:08.813Z] >>> HTTP REQUEST POST https://www.googleapis.com/oauth2/v3/token  
 <request body omitted>
[debug] [2022-05-11T13:43:08.880Z] <<< HTTP RESPONSE 200 {"pragma":"no-cache","date":"Wed, 11 May 2022 13:43:09 GMT","expires":"Mon, 01 Jan 1990 00:00:00 GMT","cache-control":"no-cache, no-store, max-age=0, must-revalidate","content-type":"application/json; charset=utf-8","vary":"X-Origin, Referer, Origin,Accept-Encoding","server":"scaffolding on HTTPServer2","x-xss-protection":"0","x-frame-options":"SAMEORIGIN","x-content-type-options":"nosniff","alt-svc":"h3=\":443\"; ma=2592000,h3-29=\":443\"; ma=2592000,h3-Q050=\":443\"; ma=2592000,h3-Q046=\":443\"; ma=2592000,h3-Q043=\":443\"; ma=2592000,quic=\":443\"; ma=2592000; v=\"46,43\"","accept-ranges":"none","transfer-encoding":"chunked"}
[debug] [2022-05-11T13:43:08.895Z] >>> HTTP REQUEST GET https://firebasedatabase.googleapis.com/v1beta/projects/morsemate/locations/-/instances/morsemate-default-rtdb  
 
[debug] [2022-05-11T13:43:09.359Z] <<< HTTP RESPONSE 200 {"content-type":"application/json; charset=UTF-8","vary":"X-Origin, Referer, Origin,Accept-Encoding","date":"Wed, 11 May 2022 13:43:09 GMT","server":"ESF","cache-control":"private","x-xss-protection":"0","x-frame-options":"SAMEORIGIN","x-content-type-options":"nosniff","alt-svc":"h3=\":443\"; ma=2592000,h3-29=\":443\"; ma=2592000,h3-Q050=\":443\"; ma=2592000,h3-Q046=\":443\"; ma=2592000,h3-Q043=\":443\"; ma=2592000,quic=\":443\"; ma=2592000; v=\"46,43\"","accept-ranges":"none","transfer-encoding":"chunked"}
[info] 
[info] Firebase Realtime Database Security Rules allow you to define how your data should be
[info] structured and when your data can be read from and written to.
[info] 
