[debug] [2022-05-02T13:21:10.643Z] ----------------------------------------------------------------------
[debug] [2022-05-02T13:21:10.645Z] Command:       /usr/local/bin/node /usr/local/bin/firebase init
[debug] [2022-05-02T13:21:10.646Z] CLI Version:   10.6.0
[debug] [2022-05-02T13:21:10.646Z] Platform:      darwin
[debug] [2022-05-02T13:21:10.646Z] Node Version:  v16.13.1
[debug] [2022-05-02T13:21:10.647Z] Time:          Mon May 02 2022 15:21:10 GMT+0200 (centraleuropeisk sommartid)
[debug] [2022-05-02T13:21:10.648Z] ----------------------------------------------------------------------
[debug] 
[debug] [2022-05-02T13:21:10.749Z] > command requires scopes: ["email","openid","https://www.googleapis.com/auth/cloudplatformprojects.readonly","https://www.googleapis.com/auth/firebase","https://www.googleapis.com/auth/cloud-platform"]
[debug] [2022-05-02T13:21:10.750Z] > authorizing via signed-in user (mhaao@kth.se)
[info] 
     ######## #### ########  ######## ########     ###     ######  ########
     ##        ##  ##     ## ##       ##     ##  ##   ##  ##       ##
     ######    ##  ########  ######   ########  #########  ######  ######
     ##        ##  ##    ##  ##       ##     ## ##     ##       ## ##
     ##       #### ##     ## ######## ########  ##     ##  ######  ########

You're about to initialize a Firebase project in this directory:

  /Users/murtadha/Library/Mobile Documents/com~apple~CloudDocs/Murtadha/SKOLAN/KTH2020 Ingenjör /KTH Högskoleingenjörsdatateknik, Kista/År 2/II1302Projekt och projektmetoder/Morse-Mate/Git/II1302/hemsidan

Before we get started, keep in mind:

  * You are initializing within an existing Firebase project directory

[info] 
=== Project Setup
[info] 
[info] First, let's associate this project directory with a Firebase project.
[info] You can create multiple project aliases by running firebase use --add, 
[info] but for now we'll just set up a default project.
[info] 
[debug] [2022-05-02T13:21:15.179Z] Using project from CLI flag: morsemate
[debug] [2022-05-02T13:21:15.181Z] >>> [apiv2][query] GET https://firebase.googleapis.com/v1beta1/projects/morsemate [none]
[debug] [2022-05-02T13:21:15.421Z] <<< [apiv2][status] GET https://firebase.googleapis.com/v1beta1/projects/morsemate 200
[debug] [2022-05-02T13:21:15.421Z] <<< [apiv2][body] GET https://firebase.googleapis.com/v1beta1/projects/morsemate {"projectId":"morsemate","projectNumber":"546833062025","displayName":"morseMate","name":"projects/morsemate","resources":{"hostingSite":"morsemate","realtimeDatabaseInstance":"morsemate-default-rtdb","storageBucket":"morsemate.appspot.com","locationId":"us-central"},"state":"ACTIVE"}
[info] i  Using project morsemate (morseMate) 
[info] 
=== Hosting Setup
[info] 
[info] Your public directory is the folder (relative to your project directory) that
[info] will contain Hosting assets to be uploaded with firebase deploy. If you
[info] have a build process for your assets, use your build's output directory.
[info] 
[info] ✔  Wrote dist/404.html 
[debug] [2022-05-02T13:21:49.297Z] >>> [apiv2][query] GET https://www.gstatic.com/firebasejs/releases.json [none]
[debug] [2022-05-02T13:21:49.337Z] <<< [apiv2][status] GET https://www.gstatic.com/firebasejs/releases.json 200
[debug] [2022-05-02T13:21:49.337Z] <<< [apiv2][body] GET https://www.gstatic.com/firebasejs/releases.json {"current":{"version":"9.7.0","browserURL":"https://www.gstatic.com/firebasejs/9.7.0/firebase.js","packageURL":"https://www.gstatic.com/firebasejs/9.7.0/firebase.tgz"},"live":{"version":"9.7","browserURL":"https://www.gstatic.com/firebasejs/live/9.7/firebase.js","packageURL":"https://www.gstatic.com/firebasejs/live/9.7/firebase.tgz"},"components":{"analytics":"https://www.gstatic.com/firebasejs/9.7.0/firebase-analytics.js","app":"https://www.gstatic.com/firebasejs/9.7.0/firebase-app.js","app-check":"https://www.gstatic.com/firebasejs/9.7.0/firebase-app-check.js","auth":"https://www.gstatic.com/firebasejs/9.7.0/firebase-auth.js","auth/cordova":"https://www.gstatic.com/firebasejs/9.7.0/firebase-auth/cordova.js","auth/react-native":"https://www.gstatic.com/firebasejs/9.7.0/firebase-auth/react-native.js","functions":"https://www.gstatic.com/firebasejs/9.7.0/firebase-functions.js","firestore":"https://www.gstatic.com/firebasejs/9.7.0/firebase-firestore.js","firestore/lite":"https://www.gstatic.com/firebasejs/9.7.0/firebase-firestore/lite.js","storage":"https://www.gstatic.com/firebasejs/9.7.0/firebase-storage.js","performance":"https://www.gstatic.com/firebasejs/9.7.0/firebase-performance.js","remote-config":"https://www.gstatic.com/firebasejs/9.7.0/firebase-remote-config.js","messaging":"https://www.gstatic.com/firebasejs/9.7.0/firebase-messaging.js","messaging/sw":"https://www.gstatic.com/firebasejs/9.7.0/firebase-messaging/sw.js","database":"https://www.gstatic.com/firebasejs/9.7.0/firebase-database.js","firestore.memory":"https://www.gstatic.com/firebasejs/9.7.0/firebase-firestore.memory.js"}}
[info] ✔  Wrote dist/index.html 
[info] 
[info] i  Detected a .git folder at /Users/murtadha/Library/Mobile Documents/com~apple~CloudDocs/Murtadha/SKOLAN/KTH2020 Ingenjör /KTH Högskoleingenjörsdatateknik, Kista/År 2/II1302Projekt och projektmetoder/Morse-Mate/Git/II1302 
[info] i  Authorizing with GitHub to upload your service account to a GitHub repository's secrets store. 
[info] 
[info] Visit this URL on this device to log in:
[info] https://github.com/login/oauth/authorize?client_id=89cf50f02ac6aaed3484&state=843831191&redirect_uri=http%3A%2F%2Flocalhost%3A9005&scope=read%3Auser%20repo%20public_repo
[info] 
[info] Waiting for authentication...
[debug] [2022-05-02T13:21:49.950Z] >>> HTTP REQUEST POST https://github.com/login/oauth/access_token  
 {"client_id":"89cf50f02ac6aaed3484","client_secret":"3330d14abc895d9a74d5f17cd7a00711fa2c5bf0","code":"07c837dfc56f7c2cac54","redirect_uri":"http://localhost:9005","state":"843831191"}
[debug] [2022-05-02T13:21:50.217Z] <<< HTTP RESPONSE 200 {"server":"GitHub.com","date":"Mon, 02 May 2022 13:21:50 GMT","content-type":"application/json; charset=utf-8","transfer-encoding":"chunked","vary":"X-PJAX, X-PJAX-Container, Accept-Encoding, Accept, X-Requested-With","permissions-policy":"interest-cohort=()","etag":"W/\"88ef9e80ec98d0b0eb356e5f678ddc17\"","cache-control":"max-age=0, private, must-revalidate","strict-transport-security":"max-age=31536000; includeSubdomains; preload","x-frame-options":"deny","x-content-type-options":"nosniff","x-xss-protection":"0","referrer-policy":"origin-when-cross-origin, strict-origin-when-cross-origin","expect-ct":"max-age=2592000, report-uri=\"https://api.github.com/_private/browser/errors\"","content-security-policy":"default-src 'none'; base-uri 'self'; block-all-mixed-content; child-src github.com/assets-cdn/worker/ gist.github.com/assets-cdn/worker/; connect-src 'self' uploads.github.com objects-origin.githubusercontent.com www.githubstatus.com collector.github.com raw.githubusercontent.com api.github.com github-cloud.s3.amazonaws.com github-production-repository-file-5c1aeb.s3.amazonaws.com github-production-upload-manifest-file-7fdce7.s3.amazonaws.com github-production-user-asset-6210df.s3.amazonaws.com cdn.optimizely.com logx.optimizely.com/v1/events translator.github.com *.actions.githubusercontent.com wss://*.actions.githubusercontent.com online.visualstudio.com/api/v1/locations github-production-repository-image-32fea6.s3.amazonaws.com github-production-release-asset-2e65be.s3.amazonaws.com insights.github.com wss://alive.github.com; font-src github.githubassets.com; form-action 'self' github.com gist.github.com objects-origin.githubusercontent.com; frame-ancestors 'none'; frame-src render.githubusercontent.com viewscreen.githubusercontent.com notebooks.githubusercontent.com; img-src 'self' data: github.githubassets.com identicons.github.com github-cloud.s3.amazonaws.com secured-user-images.githubusercontent.com/ *.githubusercontent.com; manifest-src 'self'; media-src github.com user-images.githubusercontent.com/; script-src github.githubassets.com; style-src 'unsafe-inline' github.githubassets.com; worker-src github.com/assets-cdn/worker/ gist.github.com/assets-cdn/worker/","x-github-request-id":"CB14:0E18:5418CC1:58B21CD:626FDAED"}
[debug] [2022-05-02T13:21:50.223Z] >>> [apiv2][query] GET https://api.github.com/user [none]
[debug] [2022-05-02T13:21:50.493Z] <<< [apiv2][status] GET https://api.github.com/user 200
[debug] [2022-05-02T13:21:50.493Z] <<< [apiv2][body] GET https://api.github.com/user {"login":"mhaao","id":69900487,"node_id":"MDQ6VXNlcjY5OTAwNDg3","avatar_url":"https://avatars.githubusercontent.com/u/69900487?v=4","gravatar_id":"","url":"https://api.github.com/users/mhaao","html_url":"https://github.com/mhaao","followers_url":"https://api.github.com/users/mhaao/followers","following_url":"https://api.github.com/users/mhaao/following{/other_user}","gists_url":"https://api.github.com/users/mhaao/gists{/gist_id}","starred_url":"https://api.github.com/users/mhaao/starred{/owner}{/repo}","subscriptions_url":"https://api.github.com/users/mhaao/subscriptions","organizations_url":"https://api.github.com/users/mhaao/orgs","repos_url":"https://api.github.com/users/mhaao/repos","events_url":"https://api.github.com/users/mhaao/events{/privacy}","received_events_url":"https://api.github.com/users/mhaao/received_events","type":"User","site_admin":false,"name":"Murtadha Alobaidi","company":null,"blog":"","location":"Stockholm","email":"mhaao@kth.se","hireable":null,"bio":"Student at Kungliga Tekniska Högskolan (KTH) Computer Engineering.","twitter_username":null,"public_repos":15,"public_gists":0,"followers":8,"following":23,"created_at":"2020-08-19T10:45:33Z","updated_at":"2022-04-15T08:12:59Z","private_gists":0,"total_private_repos":8,"owned_private_repos":8,"disk_usage":6195,"collaborators":0,"two_factor_authentication":false,"plan":{"name":"free","space":976562499,"collaborators":0,"private_repos":10000}}
[info] 
[info] ✔  Success! Logged into GitHub as mhaao 
[info] 
